<?xml version="1.0" encoding="UTF-8"?>
<!-- Generated by org.testng.reporters.JUnitReportReporter -->
<testsuite hostname="GurjeetSushil" failures="0" tests="3" name="zodiaTest.testZodia" time="1.958" errors="0" timestamp="2024-04-04T16:51:22 BST" skipped="0">
  <testcase classname="zodiaTest.testZodia" name="plant" time="1.730"/>
  <testcase classname="zodiaTest.testZodia" name="plantlist" time="0.144"/>
  <testcase classname="zodiaTest.testZodia" name="plant" time="0.084"/>
</testsuite> <!-- zodiaTest.testZodia -->
