<?xml version="1.0" encoding="UTF-8"?>
<!-- Generated by org.testng.reporters.JUnitReportReporter -->
<testsuite hostname="GurjeetSushil" failures="0" tests="3" name="zodiaTest.testZodia" time="1.931" errors="0" timestamp="2024-04-04T16:25:38 BST" skipped="0">
  <testcase classname="zodiaTest.testZodia" name="plant" time="1.717"/>
  <testcase classname="zodiaTest.testZodia" name="plantlist" time="0.123"/>
  <testcase classname="zodiaTest.testZodia" name="plant" time="0.091"/>
</testsuite> <!-- zodiaTest.testZodia -->
